<?xml version="1.0" encoding="UTF-8"?>
<testsuite xmlns:xsi="http://www.w3.org/2001/XMLSchema-instance" xsi:noNamespaceSchemaLocation="https://maven.apache.org/surefire/maven-surefire-plugin/xsd/surefire-test-report-3.0.xsd" version="3.0" name="com.pokerhelper.infrastructure.dto.PokerCalculationRequestTest" time="0.058" tests="7" errors="0" skipped="0" failures="0">
  <properties>
    <property name="java.specification.version" value="21"/>
    <property name="sun.jnu.encoding" value="UTF-8"/>
    <property name="java.class.path" value="/home/drlk/GitHub/PokerHelper/services/java/target/test-classes:/home/drlk/GitHub/PokerHelper/services/java/target/classes:/home/drlk/.m2/repository/io/javalin/javalin/5.6.3/javalin-5.6.3.jar:/home/drlk/.m2/repository/org/jetbrains/annotations/24.0.1/annotations-24.0.1.jar:/home/drlk/.m2/repository/org/eclipse/jetty/jetty-server/11.0.17/jetty-server-11.0.17.jar:/home/drlk/.m2/repository/org/eclipse/jetty/toolchain/jetty-jakarta-servlet-api/5.0.2/jetty-jakarta-servlet-api-5.0.2.jar:/home/drlk/.m2/repository/org/eclipse/jetty/jetty-http/11.0.17/jetty-http-11.0.17.jar:/home/drlk/.m2/repository/org/eclipse/jetty/jetty-util/11.0.17/jetty-util-11.0.17.jar:/home/drlk/.m2/repository/org/eclipse/jetty/jetty-io/11.0.17/jetty-io-11.0.17.jar:/home/drlk/.m2/repository/org/eclipse/jetty/jetty-webapp/11.0.17/jetty-webapp-11.0.17.jar:/home/drlk/.m2/repository/org/eclipse/jetty/jetty-servlet/11.0.17/jetty-servlet-11.0.17.jar:/home/drlk/.m2/repository/org/eclipse/jetty/jetty-security/11.0.17/jetty-security-11.0.17.jar:/home/drlk/.m2/repository/org/eclipse/jetty/jetty-xml/11.0.17/jetty-xml-11.0.17.jar:/home/drlk/.m2/repository/org/eclipse/jetty/websocket/websocket-jetty-server/11.0.17/websocket-jetty-server-11.0.17.jar:/home/drlk/.m2/repository/org/eclipse/jetty/websocket/websocket-jetty-common/11.0.17/websocket-jetty-common-11.0.17.jar:/home/drlk/.m2/repository/org/eclipse/jetty/websocket/websocket-core-common/11.0.17/websocket-core-common-11.0.17.jar:/home/drlk/.m2/repository/org/eclipse/jetty/websocket/websocket-servlet/11.0.17/websocket-servlet-11.0.17.jar:/home/drlk/.m2/repository/org/eclipse/jetty/websocket/websocket-core-server/11.0.17/websocket-core-server-11.0.17.jar:/home/drlk/.m2/repository/org/eclipse/jetty/websocket/websocket-jetty-api/11.0.17/websocket-jetty-api-11.0.17.jar:/home/drlk/.m2/repository/org/jetbrains/kotlin/kotlin-stdlib-jdk8/1.8.21/kotlin-stdlib-jdk8-1.8.21.jar:/home/drlk/.m2/repository/org/jetbrains/kotlin/kotlin-stdlib/1.8.21/kotlin-stdlib-1.8.21.jar:/home/drlk/.m2/repository/org/jetbrains/kotlin/kotlin-stdlib-common/1.8.21/kotlin-stdlib-common-1.8.21.jar:/home/drlk/.m2/repository/org/jetbrains/kotlin/kotlin-stdlib-jdk7/1.8.21/kotlin-stdlib-jdk7-1.8.21.jar:/home/drlk/.m2/repository/com/fasterxml/jackson/core/jackson-databind/2.15.3/jackson-databind-2.15.3.jar:/home/drlk/.m2/repository/com/fasterxml/jackson/core/jackson-annotations/2.15.3/jackson-annotations-2.15.3.jar:/home/drlk/.m2/repository/com/fasterxml/jackson/core/jackson-core/2.15.3/jackson-core-2.15.3.jar:/home/drlk/.m2/repository/com/fasterxml/jackson/datatype/jackson-datatype-jsr310/2.15.3/jackson-datatype-jsr310-2.15.3.jar:/home/drlk/.m2/repository/org/slf4j/slf4j-api/2.0.9/slf4j-api-2.0.9.jar:/home/drlk/.m2/repository/org/slf4j/slf4j-simple/2.0.9/slf4j-simple-2.0.9.jar:/home/drlk/.m2/repository/jakarta/validation/jakarta.validation-api/3.0.2/jakarta.validation-api-3.0.2.jar:/home/drlk/.m2/repository/org/hibernate/validator/hibernate-validator/8.0.1.Final/hibernate-validator-8.0.1.Final.jar:/home/drlk/.m2/repository/org/jboss/logging/jboss-logging/3.4.3.Final/jboss-logging-3.4.3.Final.jar:/home/drlk/.m2/repository/com/fasterxml/classmate/1.5.1/classmate-1.5.1.jar:/home/drlk/.m2/repository/org/glassfish/jakarta.el/4.0.2/jakarta.el-4.0.2.jar:/home/drlk/.m2/repository/jakarta/el/jakarta.el-api/4.0.0/jakarta.el-api-4.0.0.jar:/home/drlk/.m2/repository/org/junit/jupiter/junit-jupiter/5.10.1/junit-jupiter-5.10.1.jar:/home/drlk/.m2/repository/org/junit/jupiter/junit-jupiter-api/5.10.1/junit-jupiter-api-5.10.1.jar:/home/drlk/.m2/repository/org/opentest4j/opentest4j/1.3.0/opentest4j-1.3.0.jar:/home/drlk/.m2/repository/org/junit/platform/junit-platform-commons/1.10.1/junit-platform-commons-1.10.1.jar:/home/drlk/.m2/repository/org/apiguardian/apiguardian-api/1.1.2/apiguardian-api-1.1.2.jar:/home/drlk/.m2/repository/org/junit/jupiter/junit-jupiter-params/5.10.1/junit-jupiter-params-5.10.1.jar:/home/drlk/.m2/repository/org/junit/jupiter/junit-jupiter-engine/5.10.1/junit-jupiter-engine-5.10.1.jar:/home/drlk/.m2/repository/org/junit/platform/junit-platform-engine/1.10.1/junit-platform-engine-1.10.1.jar:/home/drlk/.m2/repository/org/mockito/mockito-core/5.7.0/mockito-core-5.7.0.jar:/home/drlk/.m2/repository/net/bytebuddy/byte-buddy/1.14.9/byte-buddy-1.14.9.jar:/home/drlk/.m2/repository/net/bytebuddy/byte-buddy-agent/1.14.9/byte-buddy-agent-1.14.9.jar:/home/drlk/.m2/repository/org/objenesis/objenesis/3.3/objenesis-3.3.jar:/home/drlk/.m2/repository/org/mockito/mockito-junit-jupiter/5.7.0/mockito-junit-jupiter-5.7.0.jar:/home/drlk/.m2/repository/io/javalin/javalin-testtools/5.6.3/javalin-testtools-5.6.3.jar:/home/drlk/.m2/repository/com/squareup/okhttp3/okhttp/4.12.0/okhttp-4.12.0.jar:/home/drlk/.m2/repository/com/squareup/okio/okio/3.6.0/okio-3.6.0.jar:/home/drlk/.m2/repository/com/squareup/okio/okio-jvm/3.6.0/okio-jvm-3.6.0.jar:"/>
    <property name="java.vm.vendor" value="Arch Linux"/>
    <property name="sun.arch.data.model" value="64"/>
    <property name="java.vendor.url" value="https://openjdk.org/"/>
    <property name="user.timezone" value="Europe/Madrid"/>
    <property name="os.name" value="Linux"/>
    <property name="java.vm.specification.version" value="21"/>
    <property name="sun.java.launcher" value="SUN_STANDARD"/>
    <property name="user.country" value="US"/>
    <property name="sun.boot.library.path" value="/usr/lib/jvm/java-21-openjdk/lib"/>
    <property name="sun.java.command" value="/home/drlk/GitHub/PokerHelper/services/java/target/surefire/surefirebooter-20250718121138700_3.jar /home/drlk/GitHub/PokerHelper/services/java/target/surefire 2025-07-18T12-11-38_631-jvmRun1 surefire-20250718121138700_1tmp surefire_0-20250718121138700_2tmp"/>
    <property name="jdk.debug" value="release"/>
    <property name="surefire.test.class.path" value="/home/drlk/GitHub/PokerHelper/services/java/target/test-classes:/home/drlk/GitHub/PokerHelper/services/java/target/classes:/home/drlk/.m2/repository/io/javalin/javalin/5.6.3/javalin-5.6.3.jar:/home/drlk/.m2/repository/org/jetbrains/annotations/24.0.1/annotations-24.0.1.jar:/home/drlk/.m2/repository/org/eclipse/jetty/jetty-server/11.0.17/jetty-server-11.0.17.jar:/home/drlk/.m2/repository/org/eclipse/jetty/toolchain/jetty-jakarta-servlet-api/5.0.2/jetty-jakarta-servlet-api-5.0.2.jar:/home/drlk/.m2/repository/org/eclipse/jetty/jetty-http/11.0.17/jetty-http-11.0.17.jar:/home/drlk/.m2/repository/org/eclipse/jetty/jetty-util/11.0.17/jetty-util-11.0.17.jar:/home/drlk/.m2/repository/org/eclipse/jetty/jetty-io/11.0.17/jetty-io-11.0.17.jar:/home/drlk/.m2/repository/org/eclipse/jetty/jetty-webapp/11.0.17/jetty-webapp-11.0.17.jar:/home/drlk/.m2/repository/org/eclipse/jetty/jetty-servlet/11.0.17/jetty-servlet-11.0.17.jar:/home/drlk/.m2/repository/org/eclipse/jetty/jetty-security/11.0.17/jetty-security-11.0.17.jar:/home/drlk/.m2/repository/org/eclipse/jetty/jetty-xml/11.0.17/jetty-xml-11.0.17.jar:/home/drlk/.m2/repository/org/eclipse/jetty/websocket/websocket-jetty-server/11.0.17/websocket-jetty-server-11.0.17.jar:/home/drlk/.m2/repository/org/eclipse/jetty/websocket/websocket-jetty-common/11.0.17/websocket-jetty-common-11.0.17.jar:/home/drlk/.m2/repository/org/eclipse/jetty/websocket/websocket-core-common/11.0.17/websocket-core-common-11.0.17.jar:/home/drlk/.m2/repository/org/eclipse/jetty/websocket/websocket-servlet/11.0.17/websocket-servlet-11.0.17.jar:/home/drlk/.m2/repository/org/eclipse/jetty/websocket/websocket-core-server/11.0.17/websocket-core-server-11.0.17.jar:/home/drlk/.m2/repository/org/eclipse/jetty/websocket/websocket-jetty-api/11.0.17/websocket-jetty-api-11.0.17.jar:/home/drlk/.m2/repository/org/jetbrains/kotlin/kotlin-stdlib-jdk8/1.8.21/kotlin-stdlib-jdk8-1.8.21.jar:/home/drlk/.m2/repository/org/jetbrains/kotlin/kotlin-stdlib/1.8.21/kotlin-stdlib-1.8.21.jar:/home/drlk/.m2/repository/org/jetbrains/kotlin/kotlin-stdlib-common/1.8.21/kotlin-stdlib-common-1.8.21.jar:/home/drlk/.m2/repository/org/jetbrains/kotlin/kotlin-stdlib-jdk7/1.8.21/kotlin-stdlib-jdk7-1.8.21.jar:/home/drlk/.m2/repository/com/fasterxml/jackson/core/jackson-databind/2.15.3/jackson-databind-2.15.3.jar:/home/drlk/.m2/repository/com/fasterxml/jackson/core/jackson-annotations/2.15.3/jackson-annotations-2.15.3.jar:/home/drlk/.m2/repository/com/fasterxml/jackson/core/jackson-core/2.15.3/jackson-core-2.15.3.jar:/home/drlk/.m2/repository/com/fasterxml/jackson/datatype/jackson-datatype-jsr310/2.15.3/jackson-datatype-jsr310-2.15.3.jar:/home/drlk/.m2/repository/org/slf4j/slf4j-api/2.0.9/slf4j-api-2.0.9.jar:/home/drlk/.m2/repository/org/slf4j/slf4j-simple/2.0.9/slf4j-simple-2.0.9.jar:/home/drlk/.m2/repository/jakarta/validation/jakarta.validation-api/3.0.2/jakarta.validation-api-3.0.2.jar:/home/drlk/.m2/repository/org/hibernate/validator/hibernate-validator/8.0.1.Final/hibernate-validator-8.0.1.Final.jar:/home/drlk/.m2/repository/org/jboss/logging/jboss-logging/3.4.3.Final/jboss-logging-3.4.3.Final.jar:/home/drlk/.m2/repository/com/fasterxml/classmate/1.5.1/classmate-1.5.1.jar:/home/drlk/.m2/repository/org/glassfish/jakarta.el/4.0.2/jakarta.el-4.0.2.jar:/home/drlk/.m2/repository/jakarta/el/jakarta.el-api/4.0.0/jakarta.el-api-4.0.0.jar:/home/drlk/.m2/repository/org/junit/jupiter/junit-jupiter/5.10.1/junit-jupiter-5.10.1.jar:/home/drlk/.m2/repository/org/junit/jupiter/junit-jupiter-api/5.10.1/junit-jupiter-api-5.10.1.jar:/home/drlk/.m2/repository/org/opentest4j/opentest4j/1.3.0/opentest4j-1.3.0.jar:/home/drlk/.m2/repository/org/junit/platform/junit-platform-commons/1.10.1/junit-platform-commons-1.10.1.jar:/home/drlk/.m2/repository/org/apiguardian/apiguardian-api/1.1.2/apiguardian-api-1.1.2.jar:/home/drlk/.m2/repository/org/junit/jupiter/junit-jupiter-params/5.10.1/junit-jupiter-params-5.10.1.jar:/home/drlk/.m2/repository/org/junit/jupiter/junit-jupiter-engine/5.10.1/junit-jupiter-engine-5.10.1.jar:/home/drlk/.m2/repository/org/junit/platform/junit-platform-engine/1.10.1/junit-platform-engine-1.10.1.jar:/home/drlk/.m2/repository/org/mockito/mockito-core/5.7.0/mockito-core-5.7.0.jar:/home/drlk/.m2/repository/net/bytebuddy/byte-buddy/1.14.9/byte-buddy-1.14.9.jar:/home/drlk/.m2/repository/net/bytebuddy/byte-buddy-agent/1.14.9/byte-buddy-agent-1.14.9.jar:/home/drlk/.m2/repository/org/objenesis/objenesis/3.3/objenesis-3.3.jar:/home/drlk/.m2/repository/org/mockito/mockito-junit-jupiter/5.7.0/mockito-junit-jupiter-5.7.0.jar:/home/drlk/.m2/repository/io/javalin/javalin-testtools/5.6.3/javalin-testtools-5.6.3.jar:/home/drlk/.m2/repository/com/squareup/okhttp3/okhttp/4.12.0/okhttp-4.12.0.jar:/home/drlk/.m2/repository/com/squareup/okio/okio/3.6.0/okio-3.6.0.jar:/home/drlk/.m2/repository/com/squareup/okio/okio-jvm/3.6.0/okio-jvm-3.6.0.jar:"/>
    <property name="sun.cpu.endian" value="little"/>
    <property name="user.home" value="/home/drlk"/>
    <property name="user.language" value="en"/>
    <property name="java.specification.vendor" value="Oracle Corporation"/>
    <property name="java.version.date" value="2025-04-15"/>
    <property name="java.home" value="/usr/lib/jvm/java-21-openjdk"/>
    <property name="file.separator" value="/"/>
    <property name="basedir" value="/home/drlk/GitHub/PokerHelper/services/java"/>
    <property name="java.vm.compressedOopsMode" value="32-bit"/>
    <property name="line.separator" value="&#10;"/>
    <property name="java.specification.name" value="Java Platform API Specification"/>
    <property name="java.vm.specification.vendor" value="Oracle Corporation"/>
    <property name="surefire.real.class.path" value="/home/drlk/GitHub/PokerHelper/services/java/target/surefire/surefirebooter-20250718121138700_3.jar"/>
    <property name="sun.management.compiler" value="HotSpot 64-Bit Tiered Compilers"/>
    <property name="java.runtime.version" value="21.0.7+6"/>
    <property name="user.name" value="drlk"/>
    <property name="stdout.encoding" value="UTF-8"/>
    <property name="path.separator" value=":"/>
    <property name="os.version" value="6.15.4-arch2-1"/>
    <property name="java.runtime.name" value="OpenJDK Runtime Environment"/>
    <property name="file.encoding" value="UTF-8"/>
    <property name="java.vm.name" value="OpenJDK 64-Bit Server VM"/>
    <property name="localRepository" value="/home/drlk/.m2/repository"/>
    <property name="java.vendor.url.bug" value="https://bugreport.java.com/bugreport/"/>
    <property name="jetty.git.hash" value="48e7716b9462bebea6732b885dbebb4300787a5c"/>
    <property name="java.io.tmpdir" value="/tmp"/>
    <property name="java.version" value="21.0.7"/>
    <property name="user.dir" value="/home/drlk/GitHub/PokerHelper/services/java"/>
    <property name="os.arch" value="amd64"/>
    <property name="java.vm.specification.name" value="Java Virtual Machine Specification"/>
    <property name="native.encoding" value="UTF-8"/>
    <property name="java.library.path" value="/usr/java/packages/lib:/usr/lib64:/lib64:/lib:/usr/lib"/>
    <property name="java.vm.info" value="mixed mode, sharing"/>
    <property name="stderr.encoding" value="UTF-8"/>
    <property name="java.vendor" value="Arch Linux"/>
    <property name="java.vm.version" value="21.0.7+6"/>
    <property name="sun.io.unicode.encoding" value="UnicodeLittle"/>
    <property name="java.class.version" value="65.0"/>
  </properties>
  <testcase name="shouldFailValidationWhenPocketCardsAreNull" classname="com.pokerhelper.infrastructure.dto.PokerCalculationRequestTest" time="0.01"/>
  <testcase name="shouldUseDefaultValuesForNullFields" classname="com.pokerhelper.infrastructure.dto.PokerCalculationRequestTest" time="0.007"/>
  <testcase name="shouldFailValidationWhenOpponentsIsNegative" classname="com.pokerhelper.infrastructure.dto.PokerCalculationRequestTest" time="0.007"/>
  <testcase name="shouldFailValidationWhenCommunityCardsExceedFiveCards" classname="com.pokerhelper.infrastructure.dto.PokerCalculationRequestTest" time="0.007"/>
  <testcase name="shouldFailValidationWhenPocketCardsExceedTwoCards" classname="com.pokerhelper.infrastructure.dto.PokerCalculationRequestTest" time="0.007"/>
  <testcase name="shouldPassValidationWithValidData" classname="com.pokerhelper.infrastructure.dto.PokerCalculationRequestTest" time="0.006"/>
  <testcase name="shouldFailValidationWhenPocketCardsLessThanTwoCards" classname="com.pokerhelper.infrastructure.dto.PokerCalculationRequestTest" time="0.006"/>
</testsuite>